<?xml version="1.0" encoding="UTF-8"?>
<!-- Generated by org.testng.reporters.JUnitReportReporter -->
<testsuite hostname="Abhi" failures="0" tests="1" name="generalOperations.BaseClass" time="21.627" errors="0" timestamp="2024-03-31T17:57:27 IST" skipped="0">
  <testcase classname="generalOperations.BaseClass" name="intilizeBrowser" time="21.627"/>
  <system-out/>
</testsuite> <!-- generalOperations.BaseClass -->
